/*C3*/SET SCHEMA PUBLIC
drop table if exists Actor CASCADE 
drop table if exists Actor_Movie CASCADE 
drop table if exists Genre CASCADE 
drop table if exists Movie CASCADE 
create table Actor (id integer generated by default as identity (start with 1), lastName varchar(255), name varchar(255), yearOfBirth integer, primary key (id))
create table Actor_Movie (actors_id integer not null, movies_id integer not null, primary key (actors_id, movies_id))
create table Genre (id integer generated by default as identity (start with 1), name varchar(255), primary key (id))
create table Movie (id integer generated by default as identity (start with 1), title varchar(255), yearOfRelease integer, genre_id integer, primary key (id))
alter table Actor_Movie add constraint FK3icv4u8yaiqhrfpf2dwy8wlc foreign key (movies_id) references Movie
alter table Actor_Movie add constraint FKifwtc2pp2a7bobcxst0hc9uh1 foreign key (actors_id) references Actor
alter table Movie add constraint FKqtg1si8fcy7apk5lbv5nnwpxo foreign key (genre_id) references Genre
INSERT INTO GENRE VALUES(1,'Horror')
COMMIT
INSERT INTO GENRE VALUES(2,'Animated')
COMMIT
INSERT INTO GENRE VALUES(3,'Comedy')
COMMIT
INSERT INTO MOVIE VALUES(1,'Muminki',1997,2)
COMMIT
INSERT INTO MOVIE VALUES(2,'Terminator',1999,1)
COMMIT
INSERT INTO MOVIE VALUES(3,'Dracula',2004,3)
COMMIT
INSERT INTO ACTOR VALUES(1,NULL,'Piotrek',1990)
INSERT INTO ACTOR_MOVIE VALUES(1,1)
INSERT INTO ACTOR_MOVIE VALUES(1,2)
COMMIT
INSERT INTO ACTOR VALUES(2,NULL,'Pawel',1990)
INSERT INTO ACTOR_MOVIE VALUES(2,1)
INSERT INTO ACTOR_MOVIE VALUES(2,3)
INSERT INTO ACTOR_MOVIE VALUES(2,2)
COMMIT
DISCONNECT
